This file contains any messages produced by compilers while
running configure, to aid debugging if configure makes a mistake.

It was created by GRUB configure 0.97, which was
generated by GNU Autoconf 2.63.  Invocation command line was

  $ ./configure --disable-ext2fs --disable-ffs --disable-ufs2 --disable-minix --disable-reiserfs --disable-vstafs --disable-jfs --disable-xfs --disable-gunzip

## --------- ##
## Platform. ##
## --------- ##

hostname = Ubuntu-904
uname -m = i686
uname -r = 2.6.28-17-generic
uname -s = Linux
uname -v = #58-Ubuntu SMP Tue Dec 1 18:57:07 UTC 2009

/usr/bin/uname -p = unknown
/bin/uname -X     = unknown

/bin/arch              = unknown
/usr/bin/arch -k       = unknown
/usr/convex/getsysinfo = unknown
/usr/bin/hostinfo      = unknown
/bin/machine           = unknown
/usr/bin/oslevel       = unknown
/bin/universe          = unknown

PATH: /usr/local/sbin
PATH: /usr/local/bin
PATH: /usr/sbin
PATH: /usr/bin
PATH: /sbin
PATH: /bin
PATH: /usr/games
PATH: /usr/local/cuda/bin


## ----------- ##
## Core tests. ##
## ----------- ##

configure:1966: checking for a BSD-compatible install
configure:2034: result: /usr/bin/install -c
configure:2045: checking whether build environment is sane
configure:2088: result: yes
configure:2113: checking for a thread-safe mkdir -p
configure:2152: result: /bin/mkdir -p
configure:2165: checking for gawk
configure:2195: result: no
configure:2165: checking for mawk
configure:2181: found /usr/bin/mawk
configure:2192: result: mawk
configure:2203: checking whether make sets $(MAKE)
configure:2225: result: yes
configure:2417: checking build system type
configure:2435: result: i686-pc-linux-gnu
configure:2457: checking host system type
configure:2472: result: i686-pc-linux-gnu
configure:2510: checking whether to enable maintainer-specific portions of Makefiles
configure:2519: result: no
configure:2636: checking for gcc
configure:2652: found /usr/bin/gcc
configure:2663: result: gcc
configure:2733: checking for gcc
configure:2760: result: gcc
configure:2992: checking for C compiler version
configure:3000: gcc --version >&5
gcc (Ubuntu 4.3.3-5ubuntu4) 4.3.3
Copyright (C) 2008 Free Software Foundation, Inc.
This is free software; see the source for copying conditions.  There is NO
warranty; not even for MERCHANTABILITY or FITNESS FOR A PARTICULAR PURPOSE.

configure:3004: $? = 0
configure:3011: gcc -v >&5
Using built-in specs.
Target: i486-linux-gnu
Configured with: ../src/configure -v --with-pkgversion='Ubuntu 4.3.3-5ubuntu4' --with-bugurl=file:///usr/share/doc/gcc-4.3/README.Bugs --enable-languages=c,c++,fortran,objc,obj-c++ --prefix=/usr --enable-shared --with-system-zlib --libexecdir=/usr/lib --without-included-gettext --enable-threads=posix --enable-nls --with-gxx-include-dir=/usr/include/c++/4.3 --program-suffix=-4.3 --enable-clocale=gnu --enable-libstdcxx-debug --enable-objc-gc --enable-mpfr --enable-targets=all --with-tune=generic --enable-checking=release --build=i486-linux-gnu --host=i486-linux-gnu --target=i486-linux-gnu
Thread model: posix
gcc version 4.3.3 (Ubuntu 4.3.3-5ubuntu4) 
configure:3015: $? = 0
configure:3022: gcc -V >&5
gcc: '-V' option must have argument
configure:3026: $? = 1
configure:3049: checking for C compiler default output file name
configure:3071: gcc    conftest.c  >&5
configure:3075: $? = 0
configure:3113: result: a.out
configure:3132: checking whether the C compiler works
configure:3142: ./a.out
configure:3146: $? = 0
configure:3165: result: yes
configure:3172: checking whether we are cross compiling
configure:3174: result: no
configure:3177: checking for suffix of executables
configure:3184: gcc -o conftest    conftest.c  >&5
configure:3188: $? = 0
configure:3214: result: 
configure:3220: checking for suffix of object files
configure:3246: gcc -c   conftest.c >&5
configure:3250: $? = 0
configure:3275: result: o
configure:3279: checking whether we are using the GNU C compiler
configure:3308: gcc -c   conftest.c >&5
configure:3315: $? = 0
configure:3332: result: yes
configure:3341: checking whether gcc accepts -g
configure:3371: gcc -c -g  conftest.c >&5
configure:3378: $? = 0
configure:3479: result: yes
configure:3496: checking for gcc option to accept ISO C89
configure:3570: gcc  -c -g -O2  conftest.c >&5
configure:3577: $? = 0
configure:3600: result: none needed
configure:3629: checking for style of include used by make
configure:3657: result: GNU
configure:3682: checking dependency style of gcc
configure:3773: result: gcc3
configure:3797: checking dependency style of gcc
configure:3888: result: gcc3
configure:3907: checking dependency style of gcc
configure:3998: result: gcc3
configure:4111: checking for ranlib
configure:4127: found /usr/bin/ranlib
configure:4138: result: ranlib
configure:4174: checking whether optimization for size works
configure:4203: gcc -c -Os -g  conftest.c >&5
configure:4210: $? = 0
configure:4227: result: yes
configure:4236: checking whether gcc has -fno-stack-protector
configure:4265: gcc -c -fno-stack-protector  conftest.c >&5
configure:4272: $? = 0
configure:4289: result: yes
configure:4305: checking whether -Wundef works
configure:4334: gcc -c   -g -Wundef conftest.c >&5
configure:4341: $? = 0
configure:4358: result: yes
configure:4363: checking whether -falign-loops works
configure:4392: gcc -c   -g -falign-loops=1 conftest.c >&5
configure:4399: $? = 0
configure:4416: result: yes
configure:4516: checking for objcopy
configure:4532: found /usr/bin/objcopy
configure:4543: result: objcopy
configure:4569: checking if C symbols get an underscore after compilation
configure:4584: gcc   -g -S conftest.c
configure:4587: $? = 0
configure:4614: result: no
configure:4617: checking whether objcopy works for absolute addresses
configure:4630: gcc -c   -g  -Wall -Wmissing-prototypes -Wunused -Wshadow -Wpointer-arith -falign-jumps=1 -falign-loops=1 -falign-functions=1 -Wundef conftest.c >&5
conftest.c:2: warning: no previous prototype for 'cmain'
configure:4633: $? = 0
configure:4643: gcc   -g -nostdlib -Wl,-N -Wl,-Ttext -Wl,2000 conftest.o -o conftest.exec
/usr/bin/ld: warning: cannot find entry symbol _start; defaulting to 0000000000002000
configure:4646: $? = 0
configure:4654: objcopy -O binary conftest.exec conftest
configure:4657: $? = 0
configure:4643: gcc   -g -nostdlib -Wl,-N -Wl,-Ttext -Wl,8000 conftest.o -o conftest.exec
/usr/bin/ld: warning: cannot find entry symbol _start; defaulting to 0000000000008000
configure:4646: $? = 0
configure:4654: objcopy -O binary conftest.exec conftest
configure:4657: $? = 0
configure:4665: cmp -s conftest.old conftest
configure:4668: $? = 0
configure:4643: gcc   -g -nostdlib -Wl,-N -Wl,-Ttext -Wl,7C00 conftest.o -o conftest.exec
/usr/bin/ld: warning: cannot find entry symbol _start; defaulting to 0000000000007c00
configure:4646: $? = 0
configure:4654: objcopy -O binary conftest.exec conftest
configure:4657: $? = 0
configure:4665: cmp -s conftest.old conftest
configure:4668: $? = 0
configure:4679: result: yes
configure:4688: checking whether addr32 must be in the same line as the instruction
configure:4699: gcc   -g -c conftest.s
configure:4702: $? = 0
configure:4732: result: yes
configure:4737: checking for .code16 addr32 assembler support
configure:4754: gcc   -g -c conftest.s
configure:4757: $? = 0
configure:4768: result: yes
configure:4777: checking whether an absolute indirect call/jump must not be prefixed with an asterisk
configure:4790: gcc   -g -c conftest.s
configure:4793: $? = 0
configure:4812: result: no
configure:4816: checking if start is defined by the compiler
configure:4842: gcc -o conftest   -g  -Wall -Wmissing-prototypes -Wunused -Wshadow -Wpointer-arith -falign-jumps=1 -falign-loops=1 -falign-functions=1 -Wundef  conftest.c  >&5
/tmp/ccqnhmwx.o: In function `main':
/media/disk/data/63s-grub/v1.0/conftest.c:16: undefined reference to `start'
collect2: ld returned 1 exit status
configure:4849: $? = 1
configure: failed program was:
| /* confdefs.h.  */
| #define PACKAGE_NAME "GRUB"
| #define PACKAGE_TARNAME "grub"
| #define PACKAGE_VERSION "0.97"
| #define PACKAGE_STRING "GRUB 0.97"
| #define PACKAGE_BUGREPORT "bug-grub@gnu.org"
| #define PACKAGE "grub"
| #define VERSION "0.97"
| #define ADDR32 addr32
| #define DATA32 data32
| /* end confdefs.h.  */
| 
| int
| main ()
| {
| asm ("incl start")
|   ;
|   return 0;
| }
configure:4879: result: no
configure:4883: checking if _start is defined by the compiler
configure:4909: gcc -o conftest   -g  -Wall -Wmissing-prototypes -Wunused -Wshadow -Wpointer-arith -falign-jumps=1 -falign-loops=1 -falign-functions=1 -Wundef  conftest.c  >&5
configure:4916: $? = 0
configure:4946: result: yes
configure:4957: checking if __bss_start is defined by the compiler
configure:4983: gcc -o conftest   -g  -Wall -Wmissing-prototypes -Wunused -Wshadow -Wpointer-arith -falign-jumps=1 -falign-loops=1 -falign-functions=1 -Wundef  conftest.c  >&5
configure:4990: $? = 0
configure:5020: result: yes
configure:5024: checking if _edata is defined by the compiler
configure:5050: gcc -o conftest   -g  -Wall -Wmissing-prototypes -Wunused -Wshadow -Wpointer-arith -falign-jumps=1 -falign-loops=1 -falign-functions=1 -Wundef  conftest.c  >&5
configure:5057: $? = 0
configure:5087: result: yes
configure:5091: checking if edata is defined by the compiler
configure:5117: gcc -o conftest   -g  -Wall -Wmissing-prototypes -Wunused -Wshadow -Wpointer-arith -falign-jumps=1 -falign-loops=1 -falign-functions=1 -Wundef  conftest.c  >&5
configure:5124: $? = 0
configure:5154: result: yes
configure:5166: checking if end is defined by the compiler
configure:5192: gcc -o conftest   -g  -Wall -Wmissing-prototypes -Wunused -Wshadow -Wpointer-arith -falign-jumps=1 -falign-loops=1 -falign-functions=1 -Wundef  conftest.c  >&5
configure:5199: $? = 0
configure:5229: result: yes
configure:5233: checking if _end is defined by the compiler
configure:5259: gcc -o conftest   -g  -Wall -Wmissing-prototypes -Wunused -Wshadow -Wpointer-arith -falign-jumps=1 -falign-loops=1 -falign-functions=1 -Wundef  conftest.c  >&5
configure:5266: $? = 0
configure:5296: result: yes
configure:5316: checking for opendisk in -lutil
configure:5351: gcc -o conftest   -g  -Wall -Wmissing-prototypes -Wunused -Wshadow -Wpointer-arith -falign-jumps=1 -falign-loops=1 -falign-functions=1 -Wundef  conftest.c -lutil   >&5
/tmp/ccOveOcj.o: In function `main':
/media/disk/data/63s-grub/v1.0/conftest.c:29: undefined reference to `opendisk'
collect2: ld returned 1 exit status
configure:5358: $? = 1
configure: failed program was:
| /* confdefs.h.  */
| #define PACKAGE_NAME "GRUB"
| #define PACKAGE_TARNAME "grub"
| #define PACKAGE_VERSION "0.97"
| #define PACKAGE_STRING "GRUB 0.97"
| #define PACKAGE_BUGREPORT "bug-grub@gnu.org"
| #define PACKAGE "grub"
| #define VERSION "0.97"
| #define ADDR32 addr32
| #define DATA32 data32
| #define HAVE_USCORE_START_SYMBOL 1
| #define HAVE_USCORE_USCORE_BSS_START_SYMBOL 1
| #define HAVE_USCORE_EDATA_SYMBOL 1
| #define HAVE_EDATA_SYMBOL 1
| #define HAVE_END_SYMBOL 1
| #define HAVE_USCORE_END_SYMBOL 1
| /* end confdefs.h.  */
| 
| /* Override any GCC internal prototype to avoid an error.
|    Use char because int might match the return type of a GCC
|    builtin and then its argument prototype would still apply.  */
| #ifdef __cplusplus
| extern "C"
| #endif
| char opendisk ();
| int
| main ()
| {
| return opendisk ();
|   ;
|   return 0;
| }
configure:5379: result: no
configure:5393: checking for wgetch in -lncurses
configure:5428: gcc -o conftest   -g  -Wall -Wmissing-prototypes -Wunused -Wshadow -Wpointer-arith -falign-jumps=1 -falign-loops=1 -falign-functions=1 -Wundef  conftest.c -lncurses   >&5
/usr/bin/ld: cannot find -lncurses
collect2: ld returned 1 exit status
configure:5435: $? = 1
configure: failed program was:
| /* confdefs.h.  */
| #define PACKAGE_NAME "GRUB"
| #define PACKAGE_TARNAME "grub"
| #define PACKAGE_VERSION "0.97"
| #define PACKAGE_STRING "GRUB 0.97"
| #define PACKAGE_BUGREPORT "bug-grub@gnu.org"
| #define PACKAGE "grub"
| #define VERSION "0.97"
| #define ADDR32 addr32
| #define DATA32 data32
| #define HAVE_USCORE_START_SYMBOL 1
| #define HAVE_USCORE_USCORE_BSS_START_SYMBOL 1
| #define HAVE_USCORE_EDATA_SYMBOL 1
| #define HAVE_EDATA_SYMBOL 1
| #define HAVE_END_SYMBOL 1
| #define HAVE_USCORE_END_SYMBOL 1
| /* end confdefs.h.  */
| 
| /* Override any GCC internal prototype to avoid an error.
|    Use char because int might match the return type of a GCC
|    builtin and then its argument prototype would still apply.  */
| #ifdef __cplusplus
| extern "C"
| #endif
| char wgetch ();
| int
| main ()
| {
| return wgetch ();
|   ;
|   return 0;
| }
configure:5456: result: no
configure:5466: checking for wgetch in -lcurses
configure:5501: gcc -o conftest   -g  -Wall -Wmissing-prototypes -Wunused -Wshadow -Wpointer-arith -falign-jumps=1 -falign-loops=1 -falign-functions=1 -Wundef  conftest.c -lcurses   >&5
/usr/bin/ld: cannot find -lcurses
collect2: ld returned 1 exit status
configure:5508: $? = 1
configure: failed program was:
| /* confdefs.h.  */
| #define PACKAGE_NAME "GRUB"
| #define PACKAGE_TARNAME "grub"
| #define PACKAGE_VERSION "0.97"
| #define PACKAGE_STRING "GRUB 0.97"
| #define PACKAGE_BUGREPORT "bug-grub@gnu.org"
| #define PACKAGE "grub"
| #define VERSION "0.97"
| #define ADDR32 addr32
| #define DATA32 data32
| #define HAVE_USCORE_START_SYMBOL 1
| #define HAVE_USCORE_USCORE_BSS_START_SYMBOL 1
| #define HAVE_USCORE_EDATA_SYMBOL 1
| #define HAVE_EDATA_SYMBOL 1
| #define HAVE_END_SYMBOL 1
| #define HAVE_USCORE_END_SYMBOL 1
| /* end confdefs.h.  */
| 
| /* Override any GCC internal prototype to avoid an error.
|    Use char because int might match the return type of a GCC
|    builtin and then its argument prototype would still apply.  */
| #ifdef __cplusplus
| extern "C"
| #endif
| char wgetch ();
| int
| main ()
| {
| return wgetch ();
|   ;
|   return 0;
| }
configure:5529: result: no
configure:5552: checking how to run the C preprocessor
configure:5592: gcc -E  -Wall -Wmissing-prototypes -Wunused -Wshadow -Wpointer-arith -falign-jumps=1 -falign-loops=1 -falign-functions=1 -Wundef conftest.c
configure:5599: $? = 0
configure:5630: gcc -E  -Wall -Wmissing-prototypes -Wunused -Wshadow -Wpointer-arith -falign-jumps=1 -falign-loops=1 -falign-functions=1 -Wundef conftest.c
conftest.c:18:28: error: ac_nonexistent.h: No such file or directory
configure:5637: $? = 1
configure: failed program was:
| /* confdefs.h.  */
| #define PACKAGE_NAME "GRUB"
| #define PACKAGE_TARNAME "grub"
| #define PACKAGE_VERSION "0.97"
| #define PACKAGE_STRING "GRUB 0.97"
| #define PACKAGE_BUGREPORT "bug-grub@gnu.org"
| #define PACKAGE "grub"
| #define VERSION "0.97"
| #define ADDR32 addr32
| #define DATA32 data32
| #define HAVE_USCORE_START_SYMBOL 1
| #define HAVE_USCORE_USCORE_BSS_START_SYMBOL 1
| #define HAVE_USCORE_EDATA_SYMBOL 1
| #define HAVE_EDATA_SYMBOL 1
| #define HAVE_END_SYMBOL 1
| #define HAVE_USCORE_END_SYMBOL 1
| /* end confdefs.h.  */
| #include <ac_nonexistent.h>
configure:5670: result: gcc -E
configure:5699: gcc -E  -Wall -Wmissing-prototypes -Wunused -Wshadow -Wpointer-arith -falign-jumps=1 -falign-loops=1 -falign-functions=1 -Wundef conftest.c
configure:5706: $? = 0
configure:5737: gcc -E  -Wall -Wmissing-prototypes -Wunused -Wshadow -Wpointer-arith -falign-jumps=1 -falign-loops=1 -falign-functions=1 -Wundef conftest.c
conftest.c:18:28: error: ac_nonexistent.h: No such file or directory
configure:5744: $? = 1
configure: failed program was:
| /* confdefs.h.  */
| #define PACKAGE_NAME "GRUB"
| #define PACKAGE_TARNAME "grub"
| #define PACKAGE_VERSION "0.97"
| #define PACKAGE_STRING "GRUB 0.97"
| #define PACKAGE_BUGREPORT "bug-grub@gnu.org"
| #define PACKAGE "grub"
| #define VERSION "0.97"
| #define ADDR32 addr32
| #define DATA32 data32
| #define HAVE_USCORE_START_SYMBOL 1
| #define HAVE_USCORE_USCORE_BSS_START_SYMBOL 1
| #define HAVE_USCORE_EDATA_SYMBOL 1
| #define HAVE_EDATA_SYMBOL 1
| #define HAVE_END_SYMBOL 1
| #define HAVE_USCORE_END_SYMBOL 1
| /* end confdefs.h.  */
| #include <ac_nonexistent.h>
configure:5784: checking for grep that handles long lines and -e
configure:5844: result: /bin/grep
configure:5849: checking for egrep
configure:5913: result: /bin/grep -E
configure:5918: checking for ANSI C header files
configure:5948: gcc -c   -g  -Wall -Wmissing-prototypes -Wunused -Wshadow -Wpointer-arith -falign-jumps=1 -falign-loops=1 -falign-functions=1 -Wundef conftest.c >&5
configure:5955: $? = 0
configure:6054: gcc -o conftest   -g  -Wall -Wmissing-prototypes -Wunused -Wshadow -Wpointer-arith -falign-jumps=1 -falign-loops=1 -falign-functions=1 -Wundef  conftest.c  >&5
configure:6058: $? = 0
configure:6064: ./conftest
configure:6068: $? = 0
configure:6086: result: yes
configure:6110: checking for sys/types.h
configure:6131: gcc -c   -g  -Wall -Wmissing-prototypes -Wunused -Wshadow -Wpointer-arith -falign-jumps=1 -falign-loops=1 -falign-functions=1 -Wundef conftest.c >&5
configure:6138: $? = 0
configure:6155: result: yes
configure:6110: checking for sys/stat.h
configure:6131: gcc -c   -g  -Wall -Wmissing-prototypes -Wunused -Wshadow -Wpointer-arith -falign-jumps=1 -falign-loops=1 -falign-functions=1 -Wundef conftest.c >&5
configure:6138: $? = 0
configure:6155: result: yes
configure:6110: checking for stdlib.h
configure:6131: gcc -c   -g  -Wall -Wmissing-prototypes -Wunused -Wshadow -Wpointer-arith -falign-jumps=1 -falign-loops=1 -falign-functions=1 -Wundef conftest.c >&5
configure:6138: $? = 0
configure:6155: result: yes
configure:6110: checking for string.h
configure:6131: gcc -c   -g  -Wall -Wmissing-prototypes -Wunused -Wshadow -Wpointer-arith -falign-jumps=1 -falign-loops=1 -falign-functions=1 -Wundef conftest.c >&5
configure:6138: $? = 0
configure:6155: result: yes
configure:6110: checking for memory.h
configure:6131: gcc -c   -g  -Wall -Wmissing-prototypes -Wunused -Wshadow -Wpointer-arith -falign-jumps=1 -falign-loops=1 -falign-functions=1 -Wundef conftest.c >&5
configure:6138: $? = 0
configure:6155: result: yes
configure:6110: checking for strings.h
configure:6131: gcc -c   -g  -Wall -Wmissing-prototypes -Wunused -Wshadow -Wpointer-arith -falign-jumps=1 -falign-loops=1 -falign-functions=1 -Wundef conftest.c >&5
configure:6138: $? = 0
configure:6155: result: yes
configure:6110: checking for inttypes.h
configure:6131: gcc -c   -g  -Wall -Wmissing-prototypes -Wunused -Wshadow -Wpointer-arith -falign-jumps=1 -falign-loops=1 -falign-functions=1 -Wundef conftest.c >&5
configure:6138: $? = 0
configure:6155: result: yes
configure:6110: checking for stdint.h
configure:6131: gcc -c   -g  -Wall -Wmissing-prototypes -Wunused -Wshadow -Wpointer-arith -falign-jumps=1 -falign-loops=1 -falign-functions=1 -Wundef conftest.c >&5
configure:6138: $? = 0
configure:6155: result: yes
configure:6110: checking for unistd.h
configure:6131: gcc -c   -g  -Wall -Wmissing-prototypes -Wunused -Wshadow -Wpointer-arith -falign-jumps=1 -falign-loops=1 -falign-functions=1 -Wundef conftest.c >&5
configure:6138: $? = 0
configure:6155: result: yes
configure:6178: checking for string.h
configure:6185: result: yes
configure:6178: checking for strings.h
configure:6185: result: yes
configure:6189: checking ncurses/curses.h usability
configure:6206: gcc -c   -g  -Wall -Wmissing-prototypes -Wunused -Wshadow -Wpointer-arith -falign-jumps=1 -falign-loops=1 -falign-functions=1 -Wundef conftest.c >&5
conftest.c:63:28: error: ncurses/curses.h: No such file or directory
configure:6213: $? = 1
configure: failed program was:
| /* confdefs.h.  */
| #define PACKAGE_NAME "GRUB"
| #define PACKAGE_TARNAME "grub"
| #define PACKAGE_VERSION "0.97"
| #define PACKAGE_STRING "GRUB 0.97"
| #define PACKAGE_BUGREPORT "bug-grub@gnu.org"
| #define PACKAGE "grub"
| #define VERSION "0.97"
| #define ADDR32 addr32
| #define DATA32 data32
| #define HAVE_USCORE_START_SYMBOL 1
| #define HAVE_USCORE_USCORE_BSS_START_SYMBOL 1
| #define HAVE_USCORE_EDATA_SYMBOL 1
| #define HAVE_EDATA_SYMBOL 1
| #define HAVE_END_SYMBOL 1
| #define HAVE_USCORE_END_SYMBOL 1
| #define STDC_HEADERS 1
| #define HAVE_SYS_TYPES_H 1
| #define HAVE_SYS_STAT_H 1
| #define HAVE_STDLIB_H 1
| #define HAVE_STRING_H 1
| #define HAVE_MEMORY_H 1
| #define HAVE_STRINGS_H 1
| #define HAVE_INTTYPES_H 1
| #define HAVE_STDINT_H 1
| #define HAVE_UNISTD_H 1
| #define HAVE_STRING_H 1
| #define HAVE_STRINGS_H 1
| /* end confdefs.h.  */
| #include <stdio.h>
| #ifdef HAVE_SYS_TYPES_H
| # include <sys/types.h>
| #endif
| #ifdef HAVE_SYS_STAT_H
| # include <sys/stat.h>
| #endif
| #ifdef STDC_HEADERS
| # include <stdlib.h>
| # include <stddef.h>
| #else
| # ifdef HAVE_STDLIB_H
| #  include <stdlib.h>
| # endif
| #endif
| #ifdef HAVE_STRING_H
| # if !defined STDC_HEADERS && defined HAVE_MEMORY_H
| #  include <memory.h>
| # endif
| # include <string.h>
| #endif
| #ifdef HAVE_STRINGS_H
| # include <strings.h>
| #endif
| #ifdef HAVE_INTTYPES_H
| # include <inttypes.h>
| #endif
| #ifdef HAVE_STDINT_H
| # include <stdint.h>
| #endif
| #ifdef HAVE_UNISTD_H
| # include <unistd.h>
| #endif
| #include <ncurses/curses.h>
configure:6227: result: no
configure:6231: checking ncurses/curses.h presence
configure:6246: gcc -E  -Wall -Wmissing-prototypes -Wunused -Wshadow -Wpointer-arith -falign-jumps=1 -falign-loops=1 -falign-functions=1 -Wundef conftest.c
conftest.c:30:28: error: ncurses/curses.h: No such file or directory
configure:6253: $? = 1
configure: failed program was:
| /* confdefs.h.  */
| #define PACKAGE_NAME "GRUB"
| #define PACKAGE_TARNAME "grub"
| #define PACKAGE_VERSION "0.97"
| #define PACKAGE_STRING "GRUB 0.97"
| #define PACKAGE_BUGREPORT "bug-grub@gnu.org"
| #define PACKAGE "grub"
| #define VERSION "0.97"
| #define ADDR32 addr32
| #define DATA32 data32
| #define HAVE_USCORE_START_SYMBOL 1
| #define HAVE_USCORE_USCORE_BSS_START_SYMBOL 1
| #define HAVE_USCORE_EDATA_SYMBOL 1
| #define HAVE_EDATA_SYMBOL 1
| #define HAVE_END_SYMBOL 1
| #define HAVE_USCORE_END_SYMBOL 1
| #define STDC_HEADERS 1
| #define HAVE_SYS_TYPES_H 1
| #define HAVE_SYS_STAT_H 1
| #define HAVE_STDLIB_H 1
| #define HAVE_STRING_H 1
| #define HAVE_MEMORY_H 1
| #define HAVE_STRINGS_H 1
| #define HAVE_INTTYPES_H 1
| #define HAVE_STDINT_H 1
| #define HAVE_UNISTD_H 1
| #define HAVE_STRING_H 1
| #define HAVE_STRINGS_H 1
| /* end confdefs.h.  */
| #include <ncurses/curses.h>
configure:6267: result: no
configure:6300: checking for ncurses/curses.h
configure:6309: result: no
configure:6189: checking ncurses.h usability
configure:6206: gcc -c   -g  -Wall -Wmissing-prototypes -Wunused -Wshadow -Wpointer-arith -falign-jumps=1 -falign-loops=1 -falign-functions=1 -Wundef conftest.c >&5
conftest.c:63:21: error: ncurses.h: No such file or directory
configure:6213: $? = 1
configure: failed program was:
| /* confdefs.h.  */
| #define PACKAGE_NAME "GRUB"
| #define PACKAGE_TARNAME "grub"
| #define PACKAGE_VERSION "0.97"
| #define PACKAGE_STRING "GRUB 0.97"
| #define PACKAGE_BUGREPORT "bug-grub@gnu.org"
| #define PACKAGE "grub"
| #define VERSION "0.97"
| #define ADDR32 addr32
| #define DATA32 data32
| #define HAVE_USCORE_START_SYMBOL 1
| #define HAVE_USCORE_USCORE_BSS_START_SYMBOL 1
| #define HAVE_USCORE_EDATA_SYMBOL 1
| #define HAVE_EDATA_SYMBOL 1
| #define HAVE_END_SYMBOL 1
| #define HAVE_USCORE_END_SYMBOL 1
| #define STDC_HEADERS 1
| #define HAVE_SYS_TYPES_H 1
| #define HAVE_SYS_STAT_H 1
| #define HAVE_STDLIB_H 1
| #define HAVE_STRING_H 1
| #define HAVE_MEMORY_H 1
| #define HAVE_STRINGS_H 1
| #define HAVE_INTTYPES_H 1
| #define HAVE_STDINT_H 1
| #define HAVE_UNISTD_H 1
| #define HAVE_STRING_H 1
| #define HAVE_STRINGS_H 1
| /* end confdefs.h.  */
| #include <stdio.h>
| #ifdef HAVE_SYS_TYPES_H
| # include <sys/types.h>
| #endif
| #ifdef HAVE_SYS_STAT_H
| # include <sys/stat.h>
| #endif
| #ifdef STDC_HEADERS
| # include <stdlib.h>
| # include <stddef.h>
| #else
| # ifdef HAVE_STDLIB_H
| #  include <stdlib.h>
| # endif
| #endif
| #ifdef HAVE_STRING_H
| # if !defined STDC_HEADERS && defined HAVE_MEMORY_H
| #  include <memory.h>
| # endif
| # include <string.h>
| #endif
| #ifdef HAVE_STRINGS_H
| # include <strings.h>
| #endif
| #ifdef HAVE_INTTYPES_H
| # include <inttypes.h>
| #endif
| #ifdef HAVE_STDINT_H
| # include <stdint.h>
| #endif
| #ifdef HAVE_UNISTD_H
| # include <unistd.h>
| #endif
| #include <ncurses.h>
configure:6227: result: no
configure:6231: checking ncurses.h presence
configure:6246: gcc -E  -Wall -Wmissing-prototypes -Wunused -Wshadow -Wpointer-arith -falign-jumps=1 -falign-loops=1 -falign-functions=1 -Wundef conftest.c
conftest.c:30:21: error: ncurses.h: No such file or directory
configure:6253: $? = 1
configure: failed program was:
| /* confdefs.h.  */
| #define PACKAGE_NAME "GRUB"
| #define PACKAGE_TARNAME "grub"
| #define PACKAGE_VERSION "0.97"
| #define PACKAGE_STRING "GRUB 0.97"
| #define PACKAGE_BUGREPORT "bug-grub@gnu.org"
| #define PACKAGE "grub"
| #define VERSION "0.97"
| #define ADDR32 addr32
| #define DATA32 data32
| #define HAVE_USCORE_START_SYMBOL 1
| #define HAVE_USCORE_USCORE_BSS_START_SYMBOL 1
| #define HAVE_USCORE_EDATA_SYMBOL 1
| #define HAVE_EDATA_SYMBOL 1
| #define HAVE_END_SYMBOL 1
| #define HAVE_USCORE_END_SYMBOL 1
| #define STDC_HEADERS 1
| #define HAVE_SYS_TYPES_H 1
| #define HAVE_SYS_STAT_H 1
| #define HAVE_STDLIB_H 1
| #define HAVE_STRING_H 1
| #define HAVE_MEMORY_H 1
| #define HAVE_STRINGS_H 1
| #define HAVE_INTTYPES_H 1
| #define HAVE_STDINT_H 1
| #define HAVE_UNISTD_H 1
| #define HAVE_STRING_H 1
| #define HAVE_STRINGS_H 1
| /* end confdefs.h.  */
| #include <ncurses.h>
configure:6267: result: no
configure:6300: checking for ncurses.h
configure:6309: result: no
configure:6189: checking curses.h usability
configure:6206: gcc -c   -g  -Wall -Wmissing-prototypes -Wunused -Wshadow -Wpointer-arith -falign-jumps=1 -falign-loops=1 -falign-functions=1 -Wundef conftest.c >&5
conftest.c:63:20: error: curses.h: No such file or directory
configure:6213: $? = 1
configure: failed program was:
| /* confdefs.h.  */
| #define PACKAGE_NAME "GRUB"
| #define PACKAGE_TARNAME "grub"
| #define PACKAGE_VERSION "0.97"
| #define PACKAGE_STRING "GRUB 0.97"
| #define PACKAGE_BUGREPORT "bug-grub@gnu.org"
| #define PACKAGE "grub"
| #define VERSION "0.97"
| #define ADDR32 addr32
| #define DATA32 data32
| #define HAVE_USCORE_START_SYMBOL 1
| #define HAVE_USCORE_USCORE_BSS_START_SYMBOL 1
| #define HAVE_USCORE_EDATA_SYMBOL 1
| #define HAVE_EDATA_SYMBOL 1
| #define HAVE_END_SYMBOL 1
| #define HAVE_USCORE_END_SYMBOL 1
| #define STDC_HEADERS 1
| #define HAVE_SYS_TYPES_H 1
| #define HAVE_SYS_STAT_H 1
| #define HAVE_STDLIB_H 1
| #define HAVE_STRING_H 1
| #define HAVE_MEMORY_H 1
| #define HAVE_STRINGS_H 1
| #define HAVE_INTTYPES_H 1
| #define HAVE_STDINT_H 1
| #define HAVE_UNISTD_H 1
| #define HAVE_STRING_H 1
| #define HAVE_STRINGS_H 1
| /* end confdefs.h.  */
| #include <stdio.h>
| #ifdef HAVE_SYS_TYPES_H
| # include <sys/types.h>
| #endif
| #ifdef HAVE_SYS_STAT_H
| # include <sys/stat.h>
| #endif
| #ifdef STDC_HEADERS
| # include <stdlib.h>
| # include <stddef.h>
| #else
| # ifdef HAVE_STDLIB_H
| #  include <stdlib.h>
| # endif
| #endif
| #ifdef HAVE_STRING_H
| # if !defined STDC_HEADERS && defined HAVE_MEMORY_H
| #  include <memory.h>
| # endif
| # include <string.h>
| #endif
| #ifdef HAVE_STRINGS_H
| # include <strings.h>
| #endif
| #ifdef HAVE_INTTYPES_H
| # include <inttypes.h>
| #endif
| #ifdef HAVE_STDINT_H
| # include <stdint.h>
| #endif
| #ifdef HAVE_UNISTD_H
| # include <unistd.h>
| #endif
| #include <curses.h>
configure:6227: result: no
configure:6231: checking curses.h presence
configure:6246: gcc -E  -Wall -Wmissing-prototypes -Wunused -Wshadow -Wpointer-arith -falign-jumps=1 -falign-loops=1 -falign-functions=1 -Wundef conftest.c
conftest.c:30:20: error: curses.h: No such file or directory
configure:6253: $? = 1
configure: failed program was:
| /* confdefs.h.  */
| #define PACKAGE_NAME "GRUB"
| #define PACKAGE_TARNAME "grub"
| #define PACKAGE_VERSION "0.97"
| #define PACKAGE_STRING "GRUB 0.97"
| #define PACKAGE_BUGREPORT "bug-grub@gnu.org"
| #define PACKAGE "grub"
| #define VERSION "0.97"
| #define ADDR32 addr32
| #define DATA32 data32
| #define HAVE_USCORE_START_SYMBOL 1
| #define HAVE_USCORE_USCORE_BSS_START_SYMBOL 1
| #define HAVE_USCORE_EDATA_SYMBOL 1
| #define HAVE_EDATA_SYMBOL 1
| #define HAVE_END_SYMBOL 1
| #define HAVE_USCORE_END_SYMBOL 1
| #define STDC_HEADERS 1
| #define HAVE_SYS_TYPES_H 1
| #define HAVE_SYS_STAT_H 1
| #define HAVE_STDLIB_H 1
| #define HAVE_STRING_H 1
| #define HAVE_MEMORY_H 1
| #define HAVE_STRINGS_H 1
| #define HAVE_INTTYPES_H 1
| #define HAVE_STDINT_H 1
| #define HAVE_UNISTD_H 1
| #define HAVE_STRING_H 1
| #define HAVE_STRINGS_H 1
| /* end confdefs.h.  */
| #include <curses.h>
configure:6267: result: no
configure:6300: checking for curses.h
configure:6309: result: no
configure:6729: creating ./config.status

## ---------------------- ##
## Running config.status. ##
## ---------------------- ##

This file was extended by GRUB config.status 0.97, which was
generated by GNU Autoconf 2.63.  Invocation command line was

  CONFIG_FILES    = 
  CONFIG_HEADERS  = 
  CONFIG_LINKS    = 
  CONFIG_COMMANDS = 
  $ ./config.status 

on Ubuntu-904

config.status:819: creating Makefile
config.status:819: creating stage1/Makefile
config.status:819: creating stage2/Makefile
config.status:819: creating config.h
config.status:1041: config.h is unchanged
config.status:1093: executing depfiles commands

## ---------------- ##
## Cache variables. ##
## ---------------- ##

ac_cv_build=i686-pc-linux-gnu
ac_cv_c_compiler_gnu=yes
ac_cv_env_CCASFLAGS_set=
ac_cv_env_CCASFLAGS_value=
ac_cv_env_CCAS_set=
ac_cv_env_CCAS_value=
ac_cv_env_CC_set=
ac_cv_env_CC_value=
ac_cv_env_CFLAGS_set=
ac_cv_env_CFLAGS_value=
ac_cv_env_CPPFLAGS_set=
ac_cv_env_CPPFLAGS_value=
ac_cv_env_CPP_set=
ac_cv_env_CPP_value=
ac_cv_env_LDFLAGS_set=
ac_cv_env_LDFLAGS_value=
ac_cv_env_LIBS_set=
ac_cv_env_LIBS_value=
ac_cv_env_build_alias_set=
ac_cv_env_build_alias_value=
ac_cv_env_host_alias_set=
ac_cv_env_host_alias_value=
ac_cv_env_target_alias_set=
ac_cv_env_target_alias_value=
ac_cv_header_curses_h=no
ac_cv_header_inttypes_h=yes
ac_cv_header_memory_h=yes
ac_cv_header_ncurses_curses_h=no
ac_cv_header_ncurses_h=no
ac_cv_header_stdc=yes
ac_cv_header_stdint_h=yes
ac_cv_header_stdlib_h=yes
ac_cv_header_string_h=yes
ac_cv_header_strings_h=yes
ac_cv_header_sys_stat_h=yes
ac_cv_header_sys_types_h=yes
ac_cv_header_unistd_h=yes
ac_cv_host=i686-pc-linux-gnu
ac_cv_lib_curses_wgetch=no
ac_cv_lib_ncurses_wgetch=no
ac_cv_lib_util_opendisk=no
ac_cv_objext=o
ac_cv_path_EGREP='/bin/grep -E'
ac_cv_path_GREP=/bin/grep
ac_cv_path_install='/usr/bin/install -c'
ac_cv_path_mkdir=/bin/mkdir
ac_cv_prog_AWK=mawk
ac_cv_prog_CPP='gcc -E'
ac_cv_prog_ac_ct_CC=gcc
ac_cv_prog_ac_ct_OBJCOPY=objcopy
ac_cv_prog_ac_ct_RANLIB=ranlib
ac_cv_prog_cc_c89=
ac_cv_prog_cc_g=yes
ac_cv_prog_make_make_set=yes
am_cv_CCAS_dependencies_compiler_type=gcc3
am_cv_CC_dependencies_compiler_type=gcc3
grub_cv_asm_absolute_without_asterisk=no
grub_cv_asm_addr32=yes
grub_cv_asm_prefix_requirement=yes
grub_cv_asm_uscore=no
grub_cv_check_edata_symbol=yes
grub_cv_check_end_symbol=yes
grub_cv_check_start_symbol=no
grub_cv_check_uscore_edata_symbol=yes
grub_cv_check_uscore_end_symbol=yes
grub_cv_check_uscore_start_symbol=yes
grub_cv_check_uscore_uscore_bss_start_symbol=yes
grub_cv_prog_objcopy_absolute=yes

## ----------------- ##
## Output variables. ##
## ----------------- ##

ACLOCAL='${SHELL} /media/disk/data/63s-grub/v1.0/missing --run aclocal-1.10'
AMDEPBACKSLASH='\'
AMDEP_FALSE='#'
AMDEP_TRUE=''
AMTAR='${SHELL} /media/disk/data/63s-grub/v1.0/missing --run tar'
AUTOCONF='${SHELL} /media/disk/data/63s-grub/v1.0/missing --run autoconf'
AUTOHEADER='${SHELL} /media/disk/data/63s-grub/v1.0/missing --run autoheader'
AUTOMAKE='${SHELL} /media/disk/data/63s-grub/v1.0/missing --run automake-1.10'
AWK='mawk'
CC='gcc'
CCAS='gcc'
CCASDEPMODE='depmode=gcc3'
CCASFLAGS='$(DEFS) $(DEFAULT_INCLUDES) $(INCLUDES) $(CPPFLAGS) $(CFLAGS)'
CCDEPMODE='depmode=gcc3'
CFLAGS='  -g'
CPP='gcc -E'
CPPFLAGS=' -Wall -Wmissing-prototypes -Wunused -Wshadow -Wpointer-arith -falign-jumps=1 -falign-loops=1 -falign-functions=1 -Wundef'
CYGPATH_W='echo'
DEFS='-DHAVE_CONFIG_H'
DEPDIR='.deps'
ECHO_C=''
ECHO_N='-n'
ECHO_T=''
EGREP='/bin/grep -E'
EXEEXT=''
FSYS_CFLAGS=' -DFSYS_FAT=1 -DFSYS_NTFS=1 -DNO_DECOMPRESSION=1 -DUSE_MD5_PASSWORDS=1'
GRAPHICS_SUPPORT_FALSE='#'
GRAPHICS_SUPPORT_TRUE=''
GREP='/bin/grep'
GRUB_CFLAGS='-O2 -fno-strict-aliasing'
GRUB_LIBS=''
HERCULES_SUPPORT_FALSE='#'
HERCULES_SUPPORT_TRUE=''
INSTALL_DATA='${INSTALL} -m 644'
INSTALL_PROGRAM='${INSTALL}'
INSTALL_SCRIPT='${INSTALL}'
INSTALL_STRIP_PROGRAM='$(install_sh) -c -s'
LDFLAGS=''
LIBOBJS=''
LIBS=''
LTLIBOBJS=''
MAINT='#'
MAINTAINER_MODE_FALSE=''
MAINTAINER_MODE_TRUE='#'
MAKEINFO='${SHELL} /media/disk/data/63s-grub/v1.0/missing --run makeinfo'
MKDIR_P='/bin/mkdir -p'
NETBOOT_DRIVERS=''
NETBOOT_SUPPORT_FALSE=''
NETBOOT_SUPPORT_TRUE='#'
NET_CFLAGS=''
NET_EXTRAFLAGS=' -DCONGESTED=1'
OBJCOPY='objcopy'
OBJEXT='o'
PACKAGE='grub'
PACKAGE_BUGREPORT='bug-grub@gnu.org'
PACKAGE_NAME='GRUB'
PACKAGE_STRING='GRUB 0.97'
PACKAGE_TARNAME='grub'
PACKAGE_VERSION='0.97'
PATH_SEPARATOR=':'
PERL=''
RANLIB='ranlib'
SERIAL_SUPPORT_FALSE='#'
SERIAL_SUPPORT_TRUE=''
SET_MAKE=''
SHELL='/bin/bash'
STAGE1_CFLAGS='-O2 -fno-strict-aliasing'
STAGE2_CFLAGS='-Os -fno-strict-aliasing -fno-stack-protector'
STRIP=''
UUID_SUPPORT_FALSE='#'
UUID_SUPPORT_TRUE=''
VERSION='0.97'
ac_ct_CC='gcc'
am__fastdepCCAS_FALSE='#'
am__fastdepCCAS_TRUE=''
am__fastdepCC_FALSE='#'
am__fastdepCC_TRUE=''
am__include='include'
am__isrc=''
am__leading_dot='.'
am__quote=''
am__tar='${AMTAR} chof - "$$tardir"'
am__untar='${AMTAR} xf -'
bindir='${exec_prefix}/bin'
build='i686-pc-linux-gnu'
build_alias=''
build_cpu='i686'
build_os='linux-gnu'
build_vendor='pc'
datadir='${datarootdir}'
datarootdir='${prefix}/share'
docdir='${datarootdir}/doc/${PACKAGE_TARNAME}'
dvidir='${docdir}'
exec_prefix='${prefix}'
host='i686-pc-linux-gnu'
host_alias=''
host_cpu='i386'
host_os='linux-gnu'
host_vendor='pc'
htmldir='${docdir}'
includedir='${prefix}/include'
infodir='${datarootdir}/info'
install_sh='$(SHELL) /media/disk/data/63s-grub/v1.0/install-sh'
libdir='${exec_prefix}/lib'
libexecdir='${exec_prefix}/libexec'
localedir='${datarootdir}/locale'
localstatedir='${prefix}/var'
mandir='${datarootdir}/man'
mkdir_p='/bin/mkdir -p'
oldincludedir='/usr/include'
pdfdir='${docdir}'
prefix='/usr/local'
program_transform_name='s,x,x,'
psdir='${docdir}'
sbindir='${exec_prefix}/sbin'
sharedstatedir='${prefix}/com'
sysconfdir='${prefix}/etc'
target_alias=''

## ----------- ##
## confdefs.h. ##
## ----------- ##

#define PACKAGE_NAME "GRUB"
#define PACKAGE_TARNAME "grub"
#define PACKAGE_VERSION "0.97"
#define PACKAGE_STRING "GRUB 0.97"
#define PACKAGE_BUGREPORT "bug-grub@gnu.org"
#define PACKAGE "grub"
#define VERSION "0.97"
#define ADDR32 addr32
#define DATA32 data32
#define HAVE_USCORE_START_SYMBOL 1
#define HAVE_USCORE_USCORE_BSS_START_SYMBOL 1
#define HAVE_USCORE_EDATA_SYMBOL 1
#define HAVE_EDATA_SYMBOL 1
#define HAVE_END_SYMBOL 1
#define HAVE_USCORE_END_SYMBOL 1
#define STDC_HEADERS 1
#define HAVE_SYS_TYPES_H 1
#define HAVE_SYS_STAT_H 1
#define HAVE_STDLIB_H 1
#define HAVE_STRING_H 1
#define HAVE_MEMORY_H 1
#define HAVE_STRINGS_H 1
#define HAVE_INTTYPES_H 1
#define HAVE_STDINT_H 1
#define HAVE_UNISTD_H 1
#define HAVE_STRING_H 1
#define HAVE_STRINGS_H 1
#define AUTO_LINUX_MEM_OPT 1

configure: exit 0
